#################################################################
# If you used AutoDock Vina in your work, please cite:          #
#                                                               #
# O. Trott, A. J. Olson,                                        #
# AutoDock Vina: improving the speed and accuracy of docking    #
# with a new scoring function, efficient optimization and       #
# multithreading, Journal of Computational Chemistry 31 (2010)  #
# 455-461                                                       #
#                                                               #
# DOI 10.1002/jcc.21334                                         #
#                                                               #
# Please see http://vina.scripps.edu for more information.      #
#################################################################

Reading input ... done.
Setting up the scoring function ... done.
Analyzing the binding site ... done.
Using random seed: 814632020
Performing search ... done.
Refining results ... done.

mode |   affinity | dist from best mode
     | (kcal/mol) | rmsd l.b.| rmsd u.b.
-----+------------+----------+----------
   1         -5.2      0.000      0.000
   2         -5.1      2.346      4.541
   3         -5.1      2.291      5.028
   4         -5.1      0.969      1.849
   5         -5.0      2.271      4.833
   6         -4.9      2.240      5.563
   7         -4.8      2.102      4.625
   8         -4.8      2.971      4.772
   9         -4.6      4.126      6.488
Writing output ... done.
