#################################################################
# If you used AutoDock Vina in your work, please cite:          #
#                                                               #
# O. Trott, A. J. Olson,                                        #
# AutoDock Vina: improving the speed and accuracy of docking    #
# with a new scoring function, efficient optimization and       #
# multithreading, Journal of Computational Chemistry 31 (2010)  #
# 455-461                                                       #
#                                                               #
# DOI 10.1002/jcc.21334                                         #
#                                                               #
# Please see http://vina.scripps.edu for more information.      #
#################################################################

Reading input ... done.
Setting up the scoring function ... done.
Analyzing the binding site ... done.
Using random seed: -1360419506
Performing search ... done.
Refining results ... done.

mode |   affinity | dist from best mode
     | (kcal/mol) | rmsd l.b.| rmsd u.b.
-----+------------+----------+----------
   1         -5.5      0.000      0.000
   2         -4.9      1.471      4.908
   3         -4.8      2.141      4.925
   4         -4.7      2.313      2.884
   5         -4.7      1.981      3.892
   6         -4.5      2.700      5.477
   7         -4.5      3.377      5.156
   8         -4.3      2.404      4.533
   9         -4.2      4.233      5.826
Writing output ... done.
