#################################################################
# If you used AutoDock Vina in your work, please cite:          #
#                                                               #
# O. Trott, A. J. Olson,                                        #
# AutoDock Vina: improving the speed and accuracy of docking    #
# with a new scoring function, efficient optimization and       #
# multithreading, Journal of Computational Chemistry 31 (2010)  #
# 455-461                                                       #
#                                                               #
# DOI 10.1002/jcc.21334                                         #
#                                                               #
# Please see http://vina.scripps.edu for more information.      #
#################################################################

Reading input ... done.
Setting up the scoring function ... done.
Analyzing the binding site ... done.
Using random seed: 531555013
Performing search ... done.
Refining results ... done.

mode |   affinity | dist from best mode
     | (kcal/mol) | rmsd l.b.| rmsd u.b.
-----+------------+----------+----------
   1         -5.4      0.000      0.000
   2         -4.9      2.881      5.269
   3         -4.9      1.551      1.934
   4         -4.9      1.543      2.234
   5         -4.8      2.595      3.281
   6         -4.4      2.769      4.126
   7         -4.3      2.787      5.155
   8         -4.0      2.868      5.293
   9         -3.9      2.832      4.947
Writing output ... done.
