#################################################################
# If you used AutoDock Vina in your work, please cite:          #
#                                                               #
# O. Trott, A. J. Olson,                                        #
# AutoDock Vina: improving the speed and accuracy of docking    #
# with a new scoring function, efficient optimization and       #
# multithreading, Journal of Computational Chemistry 31 (2010)  #
# 455-461                                                       #
#                                                               #
# DOI 10.1002/jcc.21334                                         #
#                                                               #
# Please see http://vina.scripps.edu for more information.      #
#################################################################

Reading input ... done.
Setting up the scoring function ... done.
Analyzing the binding site ... done.
Using random seed: -1335715972
Performing search ... done.
Refining results ... done.

mode |   affinity | dist from best mode
     | (kcal/mol) | rmsd l.b.| rmsd u.b.
-----+------------+----------+----------
   1         -5.5      0.000      0.000
   2         -5.3      2.396      3.146
   3         -5.1      1.959      4.917
   4         -5.0      0.899      1.518
   5         -4.8      1.774      4.941
   6         -4.8      2.872      5.205
   7         -4.7      1.656      2.013
   8         -4.6      2.968      5.612
   9         -4.6      3.216      5.168
Writing output ... done.
