#################################################################
# If you used AutoDock Vina in your work, please cite:          #
#                                                               #
# O. Trott, A. J. Olson,                                        #
# AutoDock Vina: improving the speed and accuracy of docking    #
# with a new scoring function, efficient optimization and       #
# multithreading, Journal of Computational Chemistry 31 (2010)  #
# 455-461                                                       #
#                                                               #
# DOI 10.1002/jcc.21334                                         #
#                                                               #
# Please see http://vina.scripps.edu for more information.      #
#################################################################

Reading input ... done.
Setting up the scoring function ... done.
Analyzing the binding site ... done.
Using random seed: -1488076520
Performing search ... done.
Refining results ... done.

mode |   affinity | dist from best mode
     | (kcal/mol) | rmsd l.b.| rmsd u.b.
-----+------------+----------+----------
   1         -5.2      0.000      0.000
   2         -4.8      2.285      3.072
   3         -4.8      2.759      5.100
   4         -4.7      2.659      5.482
   5         -4.7      1.105      1.983
   6         -4.7      1.732      4.539
   7         -4.5      2.771      5.189
   8         -4.1      2.708      4.675
   9         -4.1      1.787      2.384
Writing output ... done.
