#################################################################
# If you used AutoDock Vina in your work, please cite:          #
#                                                               #
# O. Trott, A. J. Olson,                                        #
# AutoDock Vina: improving the speed and accuracy of docking    #
# with a new scoring function, efficient optimization and       #
# multithreading, Journal of Computational Chemistry 31 (2010)  #
# 455-461                                                       #
#                                                               #
# DOI 10.1002/jcc.21334                                         #
#                                                               #
# Please see http://vina.scripps.edu for more information.      #
#################################################################

Reading input ... done.
Setting up the scoring function ... done.
Analyzing the binding site ... done.
Using random seed: 1402989956
Performing search ... done.
Refining results ... done.

mode |   affinity | dist from best mode
     | (kcal/mol) | rmsd l.b.| rmsd u.b.
-----+------------+----------+----------
   1         -5.8      0.000      0.000
   2         -5.7      1.862      4.952
   3         -5.5      1.662      4.852
   4         -5.4      2.001      4.852
   5         -5.2     14.318     17.786
   6         -4.9     14.368     17.381
   7         -4.8     14.506     17.468
   8         -4.6     13.741     16.419
   9         -4.6      1.989      4.839
Writing output ... done.
