#################################################################
# If you used AutoDock Vina in your work, please cite:          #
#                                                               #
# O. Trott, A. J. Olson,                                        #
# AutoDock Vina: improving the speed and accuracy of docking    #
# with a new scoring function, efficient optimization and       #
# multithreading, Journal of Computational Chemistry 31 (2010)  #
# 455-461                                                       #
#                                                               #
# DOI 10.1002/jcc.21334                                         #
#                                                               #
# Please see http://vina.scripps.edu for more information.      #
#################################################################

Reading input ... done.
Setting up the scoring function ... done.
Analyzing the binding site ... done.
Using random seed: 1981353259
Performing search ... done.
Refining results ... done.

mode |   affinity | dist from best mode
     | (kcal/mol) | rmsd l.b.| rmsd u.b.
-----+------------+----------+----------
   1         -5.1      0.000      0.000
   2         -5.1      2.106      5.234
   3         -5.0      3.036      4.834
   4         -5.0     13.554     16.225
   5         -4.7      2.035      5.145
   6         -4.7     19.293     21.497
   7         -4.7     13.200     15.645
   8         -4.7     18.833     20.845
   9         -4.7      2.745      5.831
Writing output ... done.
