#################################################################
# If you used AutoDock Vina in your work, please cite:          #
#                                                               #
# O. Trott, A. J. Olson,                                        #
# AutoDock Vina: improving the speed and accuracy of docking    #
# with a new scoring function, efficient optimization and       #
# multithreading, Journal of Computational Chemistry 31 (2010)  #
# 455-461                                                       #
#                                                               #
# DOI 10.1002/jcc.21334                                         #
#                                                               #
# Please see http://vina.scripps.edu for more information.      #
#################################################################

Reading input ... done.
Setting up the scoring function ... done.
Analyzing the binding site ... done.
Using random seed: 1711973442
Performing search ... done.
Refining results ... done.

mode |   affinity | dist from best mode
     | (kcal/mol) | rmsd l.b.| rmsd u.b.
-----+------------+----------+----------
   1         -5.7      0.000      0.000
   2         -5.4      3.390      5.979
   3         -4.9      1.735      2.104
   4         -4.9      2.642      4.090
   5         -4.7      2.740      3.706
   6         -4.6      2.748      3.649
   7         -4.6      3.027      4.745
   8         -4.6      2.958      5.330
   9         -4.4      3.310      5.084
Writing output ... done.
