#################################################################
# If you used AutoDock Vina in your work, please cite:          #
#                                                               #
# O. Trott, A. J. Olson,                                        #
# AutoDock Vina: improving the speed and accuracy of docking    #
# with a new scoring function, efficient optimization and       #
# multithreading, Journal of Computational Chemistry 31 (2010)  #
# 455-461                                                       #
#                                                               #
# DOI 10.1002/jcc.21334                                         #
#                                                               #
# Please see http://vina.scripps.edu for more information.      #
#################################################################

Reading input ... done.
Setting up the scoring function ... done.
Analyzing the binding site ... done.
Using random seed: 1523615376
Performing search ... done.
Refining results ... done.

mode |   affinity | dist from best mode
     | (kcal/mol) | rmsd l.b.| rmsd u.b.
-----+------------+----------+----------
   1         -4.9      0.000      0.000
   2         -4.7      1.177      2.032
   3         -4.6      2.005      2.579
   4         -4.6      2.663      3.837
   5         -4.6      3.204      5.019
   6         -4.3      2.605      3.761
   7         -4.2      3.059      6.041
   8         -4.2      3.066      5.588
   9         -4.2      3.474      4.746
Writing output ... done.
