#################################################################
# If you used AutoDock Vina in your work, please cite:          #
#                                                               #
# O. Trott, A. J. Olson,                                        #
# AutoDock Vina: improving the speed and accuracy of docking    #
# with a new scoring function, efficient optimization and       #
# multithreading, Journal of Computational Chemistry 31 (2010)  #
# 455-461                                                       #
#                                                               #
# DOI 10.1002/jcc.21334                                         #
#                                                               #
# Please see http://vina.scripps.edu for more information.      #
#################################################################

Reading input ... done.
Setting up the scoring function ... done.
Analyzing the binding site ... done.
Using random seed: -136303028
Performing search ... done.
Refining results ... done.

mode |   affinity | dist from best mode
     | (kcal/mol) | rmsd l.b.| rmsd u.b.
-----+------------+----------+----------
   1         -4.2      0.000      0.000
   2         -4.0      2.395      4.929
   3         -3.8      5.540      7.626
   4         -3.8      2.799      5.612
   5         -3.7      2.353      4.569
   6         -3.4      6.579      9.146
   7         -3.2      5.726      8.435
   8         -3.1      2.809      5.660
   9         -3.1      1.310      1.933
Writing output ... done.
