#################################################################
# If you used AutoDock Vina in your work, please cite:          #
#                                                               #
# O. Trott, A. J. Olson,                                        #
# AutoDock Vina: improving the speed and accuracy of docking    #
# with a new scoring function, efficient optimization and       #
# multithreading, Journal of Computational Chemistry 31 (2010)  #
# 455-461                                                       #
#                                                               #
# DOI 10.1002/jcc.21334                                         #
#                                                               #
# Please see http://vina.scripps.edu for more information.      #
#################################################################

Reading input ... done.
Setting up the scoring function ... done.
Analyzing the binding site ... done.
Using random seed: -304943768
Performing search ... done.
Refining results ... done.

mode |   affinity | dist from best mode
     | (kcal/mol) | rmsd l.b.| rmsd u.b.
-----+------------+----------+----------
   1         -5.2      0.000      0.000
   2         -5.1      3.815      5.802
   3         -5.0     11.394     14.245
   4         -4.9      2.171      3.318
   5         -4.9      1.931      4.980
   6         -4.8      2.942      4.873
   7         -4.7      4.691      6.718
   8         -4.7     15.346     18.522
   9         -4.7      2.874      4.662
Writing output ... done.
