#################################################################
# If you used AutoDock Vina in your work, please cite:          #
#                                                               #
# O. Trott, A. J. Olson,                                        #
# AutoDock Vina: improving the speed and accuracy of docking    #
# with a new scoring function, efficient optimization and       #
# multithreading, Journal of Computational Chemistry 31 (2010)  #
# 455-461                                                       #
#                                                               #
# DOI 10.1002/jcc.21334                                         #
#                                                               #
# Please see http://vina.scripps.edu for more information.      #
#################################################################

Reading input ... done.
Setting up the scoring function ... done.
Analyzing the binding site ... done.
Using random seed: 1328209774
Performing search ... done.
Refining results ... done.

mode |   affinity | dist from best mode
     | (kcal/mol) | rmsd l.b.| rmsd u.b.
-----+------------+----------+----------
   1         -3.7      0.000      0.000
   2         -3.7      2.512      4.957
   3         -3.6      2.075      2.454
   4         -3.6      4.134      5.875
   5         -3.5      4.496      6.620
   6         -3.5      3.603      5.219
   7         -3.5      3.172      5.174
   8         -3.5      3.342      5.487
   9         -3.5      3.220      6.489
Writing output ... done.
