#################################################################
# If you used AutoDock Vina in your work, please cite:          #
#                                                               #
# O. Trott, A. J. Olson,                                        #
# AutoDock Vina: improving the speed and accuracy of docking    #
# with a new scoring function, efficient optimization and       #
# multithreading, Journal of Computational Chemistry 31 (2010)  #
# 455-461                                                       #
#                                                               #
# DOI 10.1002/jcc.21334                                         #
#                                                               #
# Please see http://vina.scripps.edu for more information.      #
#################################################################

Reading input ... done.
Setting up the scoring function ... done.
Analyzing the binding site ... done.
Using random seed: -658464076
Performing search ... done.
Refining results ... done.

mode |   affinity | dist from best mode
     | (kcal/mol) | rmsd l.b.| rmsd u.b.
-----+------------+----------+----------
   1         -5.3      0.000      0.000
   2         -4.9      0.710      1.685
   3         -4.8      2.296      5.544
   4         -4.8      2.852      4.960
   5         -4.6      2.474      5.636
   6         -4.5      2.024      2.734
   7         -4.5      2.861      5.084
   8         -4.2      3.513      6.452
   9         -4.1      4.560      6.463
Writing output ... done.
