#################################################################
# If you used AutoDock Vina in your work, please cite:          #
#                                                               #
# O. Trott, A. J. Olson,                                        #
# AutoDock Vina: improving the speed and accuracy of docking    #
# with a new scoring function, efficient optimization and       #
# multithreading, Journal of Computational Chemistry 31 (2010)  #
# 455-461                                                       #
#                                                               #
# DOI 10.1002/jcc.21334                                         #
#                                                               #
# Please see http://vina.scripps.edu for more information.      #
#################################################################

Reading input ... done.
Setting up the scoring function ... done.
Analyzing the binding site ... done.
Using random seed: 1652073113
Performing search ... done.
Refining results ... done.

mode |   affinity | dist from best mode
     | (kcal/mol) | rmsd l.b.| rmsd u.b.
-----+------------+----------+----------
   1         -4.6      0.000      0.000
   2         -4.5      2.906      4.500
   3         -4.5     30.673     32.159
   4         -4.5     34.835     36.339
   5         -4.5     21.741     23.514
   6         -4.4     33.096     34.900
   7         -4.4     21.444     23.091
   8         -4.4     34.268     35.989
   9         -4.4      2.376      5.645
Writing output ... done.
