#################################################################
# If you used AutoDock Vina in your work, please cite:          #
#                                                               #
# O. Trott, A. J. Olson,                                        #
# AutoDock Vina: improving the speed and accuracy of docking    #
# with a new scoring function, efficient optimization and       #
# multithreading, Journal of Computational Chemistry 31 (2010)  #
# 455-461                                                       #
#                                                               #
# DOI 10.1002/jcc.21334                                         #
#                                                               #
# Please see http://vina.scripps.edu for more information.      #
#################################################################

Reading input ... done.
Setting up the scoring function ... done.
Analyzing the binding site ... done.
Using random seed: 1585188654
Performing search ... done.
Refining results ... done.

mode |   affinity | dist from best mode
     | (kcal/mol) | rmsd l.b.| rmsd u.b.
-----+------------+----------+----------
   1         -4.4      0.000      0.000
   2         -4.4      2.246      3.981
   3         -4.4     13.306     15.551
   4         -4.3     20.224     22.716
   5         -4.3     13.516     15.885
   6         -4.2     12.903     15.257
   7         -4.1     11.655     13.913
   8         -4.1     13.948     16.234
   9         -4.0     20.663     22.916
Writing output ... done.
