#################################################################
# If you used AutoDock Vina in your work, please cite:          #
#                                                               #
# O. Trott, A. J. Olson,                                        #
# AutoDock Vina: improving the speed and accuracy of docking    #
# with a new scoring function, efficient optimization and       #
# multithreading, Journal of Computational Chemistry 31 (2010)  #
# 455-461                                                       #
#                                                               #
# DOI 10.1002/jcc.21334                                         #
#                                                               #
# Please see http://vina.scripps.edu for more information.      #
#################################################################

Reading input ... done.
Setting up the scoring function ... done.
Analyzing the binding site ... done.
Using random seed: 52252433
Performing search ... done.
Refining results ... done.

mode |   affinity | dist from best mode
     | (kcal/mol) | rmsd l.b.| rmsd u.b.
-----+------------+----------+----------
   1         -6.0      0.000      0.000
   2         -5.7      0.840      1.837
   3         -5.5      2.131      5.166
   4         -5.5      1.723      4.890
   5         -5.4      1.568      2.001
   6         -5.4      2.141      5.353
   7         -5.4      2.031      5.059
   8         -5.3      2.342      4.379
   9         -5.3      2.339      3.521
Writing output ... done.
