#################################################################
# If you used AutoDock Vina in your work, please cite:          #
#                                                               #
# O. Trott, A. J. Olson,                                        #
# AutoDock Vina: improving the speed and accuracy of docking    #
# with a new scoring function, efficient optimization and       #
# multithreading, Journal of Computational Chemistry 31 (2010)  #
# 455-461                                                       #
#                                                               #
# DOI 10.1002/jcc.21334                                         #
#                                                               #
# Please see http://vina.scripps.edu for more information.      #
#################################################################

Reading input ... done.
Setting up the scoring function ... done.
Analyzing the binding site ... done.
Using random seed: 401612392
Performing search ... done.
Refining results ... done.

mode |   affinity | dist from best mode
     | (kcal/mol) | rmsd l.b.| rmsd u.b.
-----+------------+----------+----------
   1         -6.4      0.000      0.000
   2         -6.3      2.112      3.472
   3         -5.8      1.770      2.298
   4         -5.7      2.676      4.713
   5         -5.6      2.673      6.339
   6         -5.4      2.832      5.006
   7         -5.4      2.870      4.784
   8         -5.4     12.846     14.827
   9         -5.4      2.687      4.463
Writing output ... done.
