#################################################################
# If you used AutoDock Vina in your work, please cite:          #
#                                                               #
# O. Trott, A. J. Olson,                                        #
# AutoDock Vina: improving the speed and accuracy of docking    #
# with a new scoring function, efficient optimization and       #
# multithreading, Journal of Computational Chemistry 31 (2010)  #
# 455-461                                                       #
#                                                               #
# DOI 10.1002/jcc.21334                                         #
#                                                               #
# Please see http://vina.scripps.edu for more information.      #
#################################################################

Reading input ... done.
Setting up the scoring function ... done.
Analyzing the binding site ... done.
Using random seed: -1288296623
Performing search ... done.
Refining results ... done.

mode |   affinity | dist from best mode
     | (kcal/mol) | rmsd l.b.| rmsd u.b.
-----+------------+----------+----------
   1         -6.2      0.000      0.000
   2         -6.1      2.221      3.414
   3         -6.1     12.594     14.470
   4         -5.8     11.303     13.216
   5         -5.8      2.645      4.670
   6         -5.7     11.391     13.945
   7         -5.7      2.742      6.504
   8         -5.6      2.757      4.652
   9         -5.6      2.462      4.643
Writing output ... done.
