#################################################################
# If you used AutoDock Vina in your work, please cite:          #
#                                                               #
# O. Trott, A. J. Olson,                                        #
# AutoDock Vina: improving the speed and accuracy of docking    #
# with a new scoring function, efficient optimization and       #
# multithreading, Journal of Computational Chemistry 31 (2010)  #
# 455-461                                                       #
#                                                               #
# DOI 10.1002/jcc.21334                                         #
#                                                               #
# Please see http://vina.scripps.edu for more information.      #
#################################################################

Reading input ... done.
Setting up the scoring function ... done.
Analyzing the binding site ... done.
Using random seed: 1996303487
Performing search ... done.
Refining results ... done.

mode |   affinity | dist from best mode
     | (kcal/mol) | rmsd l.b.| rmsd u.b.
-----+------------+----------+----------
   1         -4.7      0.000      0.000
   2         -4.6      2.210      5.214
   3         -4.6      2.416      3.616
   4         -4.6      2.148      4.958
   5         -4.6      2.762      5.135
   6         -4.5      3.139      6.357
   7         -4.5      2.371      3.972
   8         -4.4      2.320      4.229
   9         -4.3      2.626      3.885
Writing output ... done.
