#################################################################
# If you used AutoDock Vina in your work, please cite:          #
#                                                               #
# O. Trott, A. J. Olson,                                        #
# AutoDock Vina: improving the speed and accuracy of docking    #
# with a new scoring function, efficient optimization and       #
# multithreading, Journal of Computational Chemistry 31 (2010)  #
# 455-461                                                       #
#                                                               #
# DOI 10.1002/jcc.21334                                         #
#                                                               #
# Please see http://vina.scripps.edu for more information.      #
#################################################################

Reading input ... done.
Setting up the scoring function ... done.
Analyzing the binding site ... done.
Using random seed: -1016049704
Performing search ... done.
Refining results ... done.

mode |   affinity | dist from best mode
     | (kcal/mol) | rmsd l.b.| rmsd u.b.
-----+------------+----------+----------
   1         -5.6      0.000      0.000
   2         -5.6      0.969      1.834
   3         -5.1      2.118      5.456
   4         -5.0      2.246      5.908
   5         -4.9      2.282      4.593
   6         -4.9      1.563      2.332
   7         -4.6      2.179      5.056
   8         -4.6      1.845      3.177
   9         -4.6      2.122      4.485
Writing output ... done.
