#################################################################
# If you used AutoDock Vina in your work, please cite:          #
#                                                               #
# O. Trott, A. J. Olson,                                        #
# AutoDock Vina: improving the speed and accuracy of docking    #
# with a new scoring function, efficient optimization and       #
# multithreading, Journal of Computational Chemistry 31 (2010)  #
# 455-461                                                       #
#                                                               #
# DOI 10.1002/jcc.21334                                         #
#                                                               #
# Please see http://vina.scripps.edu for more information.      #
#################################################################

Reading input ... done.
Setting up the scoring function ... done.
Analyzing the binding site ... done.
Using random seed: 572347353
Performing search ... done.
Refining results ... done.

mode |   affinity | dist from best mode
     | (kcal/mol) | rmsd l.b.| rmsd u.b.
-----+------------+----------+----------
   1         -5.3      0.000      0.000
   2         -5.2      1.226      1.966
   3         -5.1      1.112      1.841
   4         -5.0      2.327      5.492
   5         -5.0      2.300      4.555
   6         -4.9      2.066      2.902
   7         -4.8      1.675      4.806
   8         -4.8      2.126      5.089
   9         -4.7      1.461      2.157
Writing output ... done.
