#################################################################
# If you used AutoDock Vina in your work, please cite:          #
#                                                               #
# O. Trott, A. J. Olson,                                        #
# AutoDock Vina: improving the speed and accuracy of docking    #
# with a new scoring function, efficient optimization and       #
# multithreading, Journal of Computational Chemistry 31 (2010)  #
# 455-461                                                       #
#                                                               #
# DOI 10.1002/jcc.21334                                         #
#                                                               #
# Please see http://vina.scripps.edu for more information.      #
#################################################################

Reading input ... done.
Setting up the scoring function ... done.
Analyzing the binding site ... done.
Using random seed: 612666166
Performing search ... done.
Refining results ... done.

mode |   affinity | dist from best mode
     | (kcal/mol) | rmsd l.b.| rmsd u.b.
-----+------------+----------+----------
   1         -5.4      0.000      0.000
   2         -5.2      2.903      5.904
   3         -5.2      1.545      4.776
   4         -5.1      3.038      6.249
   5         -5.0     10.472     12.998
   6         -4.9      3.401      6.153
   7         -4.7     10.571     13.053
   8         -4.7      2.197      5.075
   9         -4.5     11.092     13.448
Writing output ... done.
