#################################################################
# If you used AutoDock Vina in your work, please cite:          #
#                                                               #
# O. Trott, A. J. Olson,                                        #
# AutoDock Vina: improving the speed and accuracy of docking    #
# with a new scoring function, efficient optimization and       #
# multithreading, Journal of Computational Chemistry 31 (2010)  #
# 455-461                                                       #
#                                                               #
# DOI 10.1002/jcc.21334                                         #
#                                                               #
# Please see http://vina.scripps.edu for more information.      #
#################################################################

Reading input ... done.
Setting up the scoring function ... done.
Analyzing the binding site ... done.
Using random seed: -712670840
Performing search ... done.
Refining results ... done.

mode |   affinity | dist from best mode
     | (kcal/mol) | rmsd l.b.| rmsd u.b.
-----+------------+----------+----------
   1         -5.4      0.000      0.000
   2         -5.4      2.217      4.618
   3         -5.2      2.091      4.740
   4         -5.2      2.211      4.733
   5         -4.6      4.238      6.860
   6         -4.5      2.273      4.330
   7         -4.5      2.292      4.951
   8         -4.4      2.415      5.244
   9         -4.3      2.472      4.405
Writing output ... done.
