#################################################################
# If you used AutoDock Vina in your work, please cite:          #
#                                                               #
# O. Trott, A. J. Olson,                                        #
# AutoDock Vina: improving the speed and accuracy of docking    #
# with a new scoring function, efficient optimization and       #
# multithreading, Journal of Computational Chemistry 31 (2010)  #
# 455-461                                                       #
#                                                               #
# DOI 10.1002/jcc.21334                                         #
#                                                               #
# Please see http://vina.scripps.edu for more information.      #
#################################################################

Reading input ... done.
Setting up the scoring function ... done.
Analyzing the binding site ... done.
Using random seed: -1852331810
Performing search ... done.
Refining results ... done.

mode |   affinity | dist from best mode
     | (kcal/mol) | rmsd l.b.| rmsd u.b.
-----+------------+----------+----------
   1         -5.1      0.000      0.000
   2         -5.0      3.177      5.778
   3         -4.9      2.139      3.070
   4         -4.9      3.022      5.842
   5         -4.8      2.684      4.478
   6         -4.8      2.278      3.449
   7         -4.6      2.922      5.292
   8         -4.6      2.402      4.837
   9         -4.6      1.486      2.137
Writing output ... done.
